<?xml version="1.0" encoding="UTF-8"?>
<testsuite name="com.yongche.driver.api.core.GetItemOrderTest" tests="41" skipped="0" failures="0" errors="0" timestamp="2014-09-26T08:55:31" hostname="localhost" time="0.086">
  <properties/>
  <testcase name="testActual_time_lengthBiggerThanZero" classname="com.yongche.driver.api.core.GetItemOrderTest" time="0.0020"/>
  <testcase name="testDistribute_driver_amountBiggerThanZero" classname="com.yongche.driver.api.core.GetItemOrderTest" time="0.0010"/>
  <testcase name="testTypeNotNull" classname="com.yongche.driver.api.core.GetItemOrderTest" time="0.0020"/>
  <testcase name="testShichangfeiyongBiggerThanZero" classname="com.yongche.driver.api.core.GetItemOrderTest" time="0.0020"/>
  <testcase name="testHighway_amountNotNull" classname="com.yongche.driver.api.core.GetItemOrderTest" time="0.0020"/>
  <testcase name="testParking_amountNotNull" classname="com.yongche.driver.api.core.GetItemOrderTest" time="0.0010"/>
  <testcase name="testProduct_type_idBiggerThanZero" classname="com.yongche.driver.api.core.GetItemOrderTest" time="0.0010"/>
  <testcase name="testTime_lengthBiggerThanZero" classname="com.yongche.driver.api.core.GetItemOrderTest" time="0.0020"/>
  <testcase name="testResponseCodeSuccess" classname="com.yongche.driver.api.core.GetItemOrderTest" time="0.0"/>
  <testcase name="testPassenger_nameNotNull" classname="com.yongche.driver.api.core.GetItemOrderTest" time="0.0020"/>
  <testcase name="testDistribute_company_amountBiggerThanZero" classname="com.yongche.driver.api.core.GetItemOrderTest" time="0.0020"/>
  <testcase name="testEnd_timeBiggerThanZero" classname="com.yongche.driver.api.core.GetItemOrderTest" time="0.0010"/>
  <testcase name="testSystem_distanceBiggerThanZero" classname="com.yongche.driver.api.core.GetItemOrderTest" time="0.0010"/>
  <testcase name="testIs_airport_serviceBiggerThanZero" classname="com.yongche.driver.api.core.GetItemOrderTest" time="0.0010"/>
  <testcase name="testUser_idBiggerThanZero" classname="com.yongche.driver.api.core.GetItemOrderTest" time="0.0010"/>
  <testcase name="testCityNotNull" classname="com.yongche.driver.api.core.GetItemOrderTest" time="0.0010"/>
  <testcase name="testIs_route_changedBiggerThanZero" classname="com.yongche.driver.api.core.GetItemOrderTest" time="0.0010"/>
  <testcase name="testExpect_start_latitudedNotNull" classname="com.yongche.driver.api.core.GetItemOrderTest" time="0.0010"/>
  <testcase name="testDistribute_yidao_amountBiggerThanZero" classname="com.yongche.driver.api.core.GetItemOrderTest" time="0.0010"/>
  <testcase name="testPassenger_phoneNotNull" classname="com.yongche.driver.api.core.GetItemOrderTest" time="0.0020"/>
  <testcase name="testCar_idBiggerThanZero" classname="com.yongche.driver.api.core.GetItemOrderTest" time="0.0010"/>
  <testcase name="testTaocanfeiyongNotNull" classname="com.yongche.driver.api.core.GetItemOrderTest" time="0.0010"/>
  <testcase name="testJichangfuwufeiBiggerThanZero" classname="com.yongche.driver.api.core.GetItemOrderTest" time="0.0010"/>
  <testcase name="testdriver_idBiggerThanZero" classname="com.yongche.driver.api.core.GetItemOrderTest" time="0.0040"/>
  <testcase name="testDriver_agent_amountBiggerThanZero" classname="com.yongche.driver.api.core.GetItemOrderTest" time="0.0010"/>
  <testcase name="testBalance_statusNotNull" classname="com.yongche.driver.api.core.GetItemOrderTest" time="0.0010"/>
  <testcase name="testLast_update_timeBiggerThanZero" classname="com.yongche.driver.api.core.GetItemOrderTest" time="0.0010"/>
  <testcase name="testExpect_start_timeBiggerThanZero" classname="com.yongche.driver.api.core.GetItemOrderTest" time="0.0020"/>
  <testcase name="testYejianfuwufeiBiggerThanZero" classname="com.yongche.driver.api.core.GetItemOrderTest" time="0.0010"/>
  <testcase name="testPass_positionNotNull" classname="com.yongche.driver.api.core.GetItemOrderTest" time="0.0010"/>
  <testcase name="testExtra_timeBiggerThanZero" classname="com.yongche.driver.api.core.GetItemOrderTest" time="0.0010"/>
  <testcase name="testTotal_amountBiggerThanZero" classname="com.yongche.driver.api.core.GetItemOrderTest" time="0.0010"/>
  <testcase name="testCodeSuccess" classname="com.yongche.driver.api.core.GetItemOrderTest" time="0.0010"/>
  <testcase name="testOrigin_amountBiggerThanZero" classname="com.yongche.driver.api.core.GetItemOrderTest" time="0.0010"/>
  <testcase name="testIs_nightBiggerThanZero" classname="com.yongche.driver.api.core.GetItemOrderTest" time="0.0010"/>
  <testcase name="testIs_long_distanceBiggerThanZero" classname="com.yongche.driver.api.core.GetItemOrderTest" time="0.0020"/>
  <testcase name="testOrder_idBiggerThanZero" classname="com.yongche.driver.api.core.GetItemOrderTest" time="0.0030"/>
  <testcase name="testFormulaNotNull" classname="com.yongche.driver.api.core.GetItemOrderTest" time="0.0020"/>
  <testcase name="testAir_bridge_amountNotNull" classname="com.yongche.driver.api.core.GetItemOrderTest" time="0.0010"/>
  <testcase name="testAmountBiggerThanZero" classname="com.yongche.driver.api.core.GetItemOrderTest" time="0.0020"/>
  <testcase name="testStatusNotNull" classname="com.yongche.driver.api.core.GetItemOrderTest" time="0.0020"/>
  <system-out><![CDATA[this is authStringoauth_signature=5sARLGoVkNAPhh5wq1Hl95crWIk, x_auth_mode=client_auth, oauth_version=1.0, oauth_nonce=1411722730, oauth_signature_method=PLAINTEXT, oauth_consumer_key=4821726c1947cdf3eebacade98173939, oauth_token=d731cbc5c5cea82be1d9c8e2222ab33405424d926, oauth_token_secret=null, oauth_timestamp=1411721730
OAuth oauth_signature=5sARLGoVkNAPhh5wq1Hl95crWIk, x_auth_mode=client_auth, oauth_version=1.0, oauth_nonce=1411722730, oauth_signature_method=PLAINTEXT, oauth_consumer_key=4821726c1947cdf3eebacade98173939, oauth_token=d731cbc5c5cea82be1d9c8e2222ab33405424d926, oauth_token_secret=null, oauth_timestamp=1411721730
this is authStringoauth_signature=5sARLGoVkNAPhh5wq1Hl95crWIk, x_auth_mode=client_auth, oauth_version=1.0, oauth_nonce=1411722730, oauth_signature_method=PLAINTEXT, oauth_consumer_key=4821726c1947cdf3eebacade98173939, oauth_token=d731cbc5c5cea82be1d9c8e2222ab33405424d926, oauth_token_secret=null, oauth_timestamp=1411721730
GET http://driver-api.yongche.com/Order/GetItemOrder?imei=867496010827329&out_coord_type=baidu&order_id=18625147&version=41
response is :{"code":200,"msg":{"order":{"guest_book":"","status":"service_end","balance_status":3,"city":"bj","org_status":7,"order_id":18625147,"user_id":543358,"last_update_time":1410369237,"amount":"18.77","expect_start_time":1402461900,"media_id":"g1_M00_00_00_rBAArVQQhtWIIfO_AAAPRlZWEggAAAAKQK5zWYAAA9e136.amr","asap":0,"flag":4196354,"comment":"","is_offline_mode":1,"extra_amount":"0.00","time_length":3600,"extra_time":0,"start_time":1407478308,"end_time":1407478309,"passenger_name":"\u6d4b\u5148\u751f","passenger_number":1,"type":"one_day","passenger_phone":"18501271706","tip_sheet":"","pass_position":{"start":["\u4e2d\u56fd\u6280\u672f\u4ea4\u6613\u5927\u53a6B\u5ea7",39.990031879583,116.31388258355],"pass":[],"end":["\u4e2d\u56fd\u6280\u672f\u4ea4\u6613\u5927\u53a6B\u5ea7",39.990031879583,116.31388258355]},"category":"single","flight":"","is_route_changed":0,"air_bridge_amount":"0.00","highway_amount":"0.00","parking_amount":"0.00","is_long_distance":0,"supercritical":1,"addons_amount":"0.00","addons_amount_src":"","deadhead_distance":0,"is_night":0,"is_airport_service":0,"actual_time_length":1,"system_distance":0,"mileage":1,"source":10000001,"product_type_id":1,"favor":"\u542c\u97f3\u4e50\u3001\u5750\u524d\u5ea7\u3001\u5173\u7a7a\u8c03","is_display_amount":0,"car_id":9194,"driver_id":9162,"is_asap":0,"expect_start_latitude":39.983978,"expect_start_longitude":116.307381,"payable":1,"origin_amount":"24.00","total_amount":"24.00","shichangfeiyong":"20","lichengfeiyong":"4","changtukongshifei":"0","yejianfuwufei":"0","taocanfeiyong":"","jichangfuwufei":"0","chaoshifei":"","chaogonglifei":"","yidaobutie":0,"comment_score":0,"judge_score":5,"head_image":"","is_difficult":0,"is_self_employed":0,"is_yop":0,"session_id_system":"5397d34dc49a35c273000001","session_id_passengers":"5397cd5bc49a352070000008","in_black_list":0,"is_collected":1,"user":{"gender":"M","name":"\u6d4b\u5148\u751f","finish_order_count":34,"is_face_pay":0,"is_support_face_pay":1,"is_serviced":1},"distribute_driver_amount":18.77,"distribute_company_amount":1.63,"distribute_yidao_amount":3.6,"driver_agent_amount":0,"nocash_amount":24,"formula":"\u6700\u5c0f\u6d88\u8d39\u91d1\u989d=\u6700\u5c0f\u6d88\u8d39\u91d1\u989d\n\u5b9e\u9645\u8ba1\u8d39\u65f6\u957f=max(\u7cfb\u7edf\u8bb0\u5f55\u884c\u9a76\u65f6\u957f, 0.5)\n\u5b9e\u9645\u8ba1\u8d39\u516c\u91cc\u6570=\u7cfb\u7edf\u8bb0\u5f55\u884c\u9a76\u516c\u91cc\u6570\n\u7a7a\u9a76\u516c\u91cc=floor(\u7a7a\u9a76\u516c\u91cc)\n\u7a7a\u9a76\u8d39=\u7a7a\u9a76\u516c\u91cc*\u7a7a\u9a76\u516c\u91cc\u5355\u4ef7\n\u65f6\u79df\u8d39=round(\u5b9e\u9645\u8ba1\u8d39\u65f6\u957f*\u65f6\u957f\u5355\u4ef7)\n\u516c\u91cc\u8d39=round(\u5b9e\u9645\u8ba1\u8d39\u516c\u91cc\u6570*\u516c\u91cc\u5355\u4ef7)\n\u8ba2\u5355\u57fa\u672c\u8d39\u7528=round(max((\u65f6\u79df\u8d39+\u516c\u91cc\u8d39+\u7a7a\u9a76\u8d39),\u6700\u5c0f\u6d88\u8d39\u91d1\u989d))\n\u673a\u573a\u670d\u52a1\u8d39=\u673a\u573a\u670d\u52a1\u6570\u91cf*\u673a\u573a\u670d\u52a1\u8d39\u5355\u4ef7\n\u591c\u95f4\u670d\u52a1\u8d39=\u591c\u95f4\u670d\u52a1\u6570\u91cf*\u591c\u95f4\u670d\u52a1\u8d39\u5355\u4ef7\n\u9ad8\u901f\u8d39=round(\u9ad8\u901f\u8d39)\n\u505c\u8f66\u8d39=round(\u505c\u8f66\u8d39)\n\u5176\u4ed6\u8d39\u7528=round(\u5176\u4ed6\u8d39\u7528)\n\u4f18\u60e0\u5238\u6298\u6263=((100-\u4f18\u60e0\u5238\u6298\u6263)\/100)\n\u4f1a\u5458\u6298\u6263=((100-\u4f1a\u5458\u6298\u6263)\/100)\n\u6298\u6263=min(\u4f18\u60e0\u5238\u6298\u6263,\u4f1a\u5458\u6298\u6263)\n\u8ba2\u5355\u539f\u59cb\u91d1\u989d=round(\u8ba2\u5355\u57fa\u672c\u8d39\u7528+\u673a\u573a\u670d\u52a1\u8d39+\u591c\u95f4\u670d\u52a1\u8d39+\u9ad8\u901f\u8d39+\u505c\u8f66\u8d39+\u5176\u4ed6\u8d39\u7528)\n\u8ba2\u5355\u539f\u59cb\u91d1\u989d=max(\u8ba2\u5355\u539f\u59cb\u91d1\u989d,0)\n\u8ba2\u5355\u4f18\u60e0\u540e\u91d1\u989d=max(round(\u8ba2\u5355\u57fa\u672c\u8d39\u7528*\u6298\u6263-\u8ba2\u5355\u4f18\u60e0\u5238\u91d1\u989d),0)+\u673a\u573a\u670d\u52a1\u8d39+\u591c\u95f4\u670d\u52a1\u8d39+\u9ad8\u901f\u8d39+\u505c\u8f66\u8d39+\u5176\u4ed6\u8d39\u7528\n\u8ba2\u5355\u4f18\u60e0\u91d1\u989d=(\u8ba2\u5355\u539f\u59cb\u91d1\u989d)-(\u8ba2\u5355\u4f18\u60e0\u540e\u91d1\u989d)\n\u53d6\u6d88\u8ba2\u5355\u91d1\u989d=0\n\u7528\u6237\u672a\u4ed8\u91d1\u989d=max(((\u8ba2\u5355\u4f18\u60e0\u540e\u91d1\u989d)-\u7528\u6237\u9884\u4ed8\u91d1\u989d),0)\n\u5e94\u4ed8\u91d1\u989d=round(\u8ba2\u5355\u662f\u5426\u53d6\u6d88?\u53d6\u6d88\u8ba2\u5355\u91d1\u989d:\u8ba2\u5355\u4f18\u60e0\u540e\u91d1\u989d)\n","price":"\u8ba2\u5355\u53d6\u6d88\u662f\u5426\u6536\u6b3e=1\n\u8ba2\u5355\u4f18\u60e0\u5238\u91d1\u989d=0\n\u4f1a\u5458\u6298\u6263=0\n\u4f18\u60e0\u5238\u6298\u6263=0\n\u7528\u6237\u9884\u4ed8\u91d1\u989d=24.00\n\u7b2c\u4e09\u65b9\u4f18\u60e0\u52b5\u91d1\u989d=0\n\u65f6\u957f\u5355\u4ef7=40\n\u516c\u91cc\u5355\u4ef7=4\n\u7a7a\u9a76\u516c\u91cc\u5355\u4ef7=2\n\u6700\u5c0f\u6d88\u8d39\u91d1\u989d=20\n\u673a\u573a\u670d\u52a1\u8d39\u5355\u4ef7=0\n\u591c\u95f4\u670d\u52a1\u8d39\u5355\u4ef7=30","content":"0\u5143\/0\u5206\u949f+4\u5143\/km","passenger_amount":"24"}}}
]]></system-out>
  <system-err><![CDATA[]]></system-err>
</testsuite>
