<?xml version="1.0" encoding="UTF-8"?>
<testsuite name="com.yongche.driver.api.core.GetAccessTokenTest" tests="6" skipped="0" failures="0" errors="0" timestamp="2014-09-26T08:55:30" hostname="localhost" time="0.0060">
  <properties/>
  <testcase name="testResponseCodeSuccess" classname="com.yongche.driver.api.core.GetAccessTokenTest" time="0.0"/>
  <testcase name="testOauth_tokenNotNull" classname="com.yongche.driver.api.core.GetAccessTokenTest" time="0.0020"/>
  <testcase name="testOauth_token_secretNotNull" classname="com.yongche.driver.api.core.GetAccessTokenTest" time="0.0"/>
  <testcase name="testXmpp_tokenNotNull" classname="com.yongche.driver.api.core.GetAccessTokenTest" time="0.0"/>
  <testcase name="testUser_idNotNull" classname="com.yongche.driver.api.core.GetAccessTokenTest" time="0.0"/>
  <testcase name="testResponseWithSuccessCode" classname="com.yongche.driver.api.core.GetAccessTokenTest" time="0.0"/>
  <system-out><![CDATA[{vehicle_number=8101, area_code=+86, cellphone=18501271706, imei=867496010827329}
this is authStringoauth_signature=5sARLGoVkNAPhh5wq1Hl95crWIk, oauth_version=1.0, oauth_nonce=1411722730, oauth_signature_method=PLAINTEXT, oauth_consumer_key=4821726c1947cdf3eebacade98173939, oauth_timestamp=1411721730
GET http://driver-api.yongche.com/Driver/CreateDriverPassword?vehicle_number=8101&area_code=%2B86&cellphone=18501271706&imei=867496010827329
this is authStringoauth_signature=5sARLGoVkNAPhh5wq1Hl95crWIk, oauth_version=1.0, oauth_nonce=1411722730, oauth_signature_method=PLAINTEXT, oauth_consumer_key=4821726c1947cdf3eebacade98173939, oauth_timestamp=1411721730
**********POST http://driver-api.yongche.com/oauth/accessToken
response is :{"code":200,"msg":{"oauth_token":"d731cbc5c5cea82be1d9c8e2222ab33405424d926","oauth_token_secret":"a4dd1175d15d338602b8b585adccdbc6","user_id":9162,"xmpp_token":"3d2d8ccb37df977cb6d9da15b76c3f3a","device_id":2978}}
]]></system-out>
  <system-err><![CDATA[]]></system-err>
</testsuite>
