<?xml version="1.0" encoding="UTF-8"?>
<testsuite name="com.yongche.driver.api.core.GetMemberTest" tests="22" skipped="0" failures="0" errors="0" timestamp="2014-09-26T08:55:31" hostname="localhost" time="0.019">
  <properties/>
  <testcase name="testDriverIncome_city_rank_tswkBiggerThanZero" classname="com.yongche.driver.api.core.GetMemberTest" time="0.0010"/>
  <testcase name="testVehicle_numberNotNull" classname="com.yongche.driver.api.core.GetMemberTest" time="0.0"/>
  <testcase name="testResponseCodeSuccess" classname="com.yongche.driver.api.core.GetMemberTest" time="0.0"/>
  <testcase name="testDriverSuccess_order_todayBiggerThanZero" classname="com.yongche.driver.api.core.GetMemberTest" time="0.0010"/>
  <testcase name="testDriverService_times_totalBiggerThanZero" classname="com.yongche.driver.api.core.GetMemberTest" time="0.0010"/>
  <testcase name="testDriverIncome_todayBiggerThanZero" classname="com.yongche.driver.api.core.GetMemberTest" time="0.0010"/>
  <testcase name="testIdentity_cardNotNull" classname="com.yongche.driver.api.core.GetMemberTest" time="0.0010"/>
  <testcase name="testDriverNameNotNull" classname="com.yongche.driver.api.core.GetMemberTest" time="0.0"/>
  <testcase name="testDriverAccept_order_todayBiggerThanZero" classname="com.yongche.driver.api.core.GetMemberTest" time="0.0"/>
  <testcase name="testDriverService_order_totallBiggerThanZero" classname="com.yongche.driver.api.core.GetMemberTest" time="0.0010"/>
  <testcase name="testBlack_cntBiggerThanZero" classname="com.yongche.driver.api.core.GetMemberTest" time="0.0"/>
  <testcase name="testDriverReceive_order_todayBiggerThanZero" classname="com.yongche.driver.api.core.GetMemberTest" time="0.0"/>
  <testcase name="testCar_typeNotNull" classname="com.yongche.driver.api.core.GetMemberTest" time="0.0"/>
  <testcase name="testDrive_licenseNotNull" classname="com.yongche.driver.api.core.GetMemberTest" time="0.0010"/>
  <testcase name="testCodeSuccess" classname="com.yongche.driver.api.core.GetMemberTest" time="0.0"/>
  <testcase name="testBrandNotNull" classname="com.yongche.driver.api.core.GetMemberTest" time="0.0010"/>
  <testcase name="testDriverCellPhoneNotNull" classname="com.yongche.driver.api.core.GetMemberTest" time="0.0010"/>
  <testcase name="testDriverService_times_todayBiggerThanZero" classname="com.yongche.driver.api.core.GetMemberTest" time="0.0"/>
  <testcase name="testDriverInfoNotNull" classname="com.yongche.driver.api.core.GetMemberTest" time="0.0"/>
  <testcase name="testDriverService_kilometers_todayBiggerThanZero" classname="com.yongche.driver.api.core.GetMemberTest" time="0.0010"/>
  <testcase name="testGood_comment_rateBiggerThanZero" classname="com.yongche.driver.api.core.GetMemberTest" time="0.0"/>
  <testcase name="testCollect_cntBiggerThanZero" classname="com.yongche.driver.api.core.GetMemberTest" time="0.0"/>
  <system-out><![CDATA[this is authStringoauth_signature=5sARLGoVkNAPhh5wq1Hl95crWIk, x_auth_mode=client_auth, oauth_version=1.0, oauth_nonce=1411722731, oauth_signature_method=PLAINTEXT, oauth_consumer_key=4821726c1947cdf3eebacade98173939, oauth_token=d731cbc5c5cea82be1d9c8e2222ab33405424d926, oauth_token_secret=null, oauth_timestamp=1411721731
GET http://driver-api.yongche.com/Driver/Member?imei=867496010827329&is_gzip=1&version=41
response is :{"code":200,"msg":{"member_info":{"name":"\u7a0b\u601d\u6d4b\u8bd5","self_introduction":" ","service_kilometers_total":89000,"service_times_total":313,"service_order_total":28,"service_kilometers_today":1000,"service_times_today":4,"income_today":18,"accept_order_today":2,"success_order_today":0,"receive_order_today":0,"income_city_rank_tswk":100,"cellphone":"18501271706","gender":"F","age":35,"identity_card":"1234567891****6789","drive_license":"5555554****5454","license_type":"A2","license_start_date":1325001600,"driver_years":3,"brand":"\u6d4b\u8bd5CSHW","vehicle_number":"\u4eacA8101","companyName":"","contribution":0,"create_time":1388199512,"car_type":"\u8212\u9002\u8f66\u578b","contribution_change_time":1411656932,"evaluation":1000,"star":5,"photo_id":"g1_M00_00_00_rBAArVQQhZGIevk5AAFx4Jqsr5EAAAAHgJsVacAAXH4535.png","car_images":[],"collect_cnt":3,"black_cnt":0,"selling_point":[],"car_setup":[],"amount":"126.69","good_comment_rate":100}}}
]]></system-out>
  <system-err><![CDATA[]]></system-err>
</testsuite>
