<?xml version="1.0" encoding="UTF-8"?>
<testsuite name="com.yongche.driver.api.core.GetDriverEvaluteTest" tests="8" skipped="0" failures="0" errors="0" timestamp="2014-09-26T08:55:30" hostname="localhost" time="0.015">
  <properties/>
  <testcase name="testBadCommentCountBiggerThanZero" classname="com.yongche.driver.api.core.GetDriverEvaluteTest" time="0.0020"/>
  <testcase name="testBadTagTextNotNull" classname="com.yongche.driver.api.core.GetDriverEvaluteTest" time="0.0020"/>
  <testcase name="testCodeSuccess" classname="com.yongche.driver.api.core.GetDriverEvaluteTest" time="0.0010"/>
  <testcase name="testTagTextNotNull" classname="com.yongche.driver.api.core.GetDriverEvaluteTest" time="0.0010"/>
  <testcase name="testGoodCommentRateBiggerThanZero" classname="com.yongche.driver.api.core.GetDriverEvaluteTest" time="0.0010"/>
  <testcase name="testGoodTagBiggerThanZero" classname="com.yongche.driver.api.core.GetDriverEvaluteTest" time="0.0020"/>
  <testcase name="testGoodCommentCountBiggerThanZero" classname="com.yongche.driver.api.core.GetDriverEvaluteTest" time="0.0020"/>
  <testcase name="testBadTagCountNotNull" classname="com.yongche.driver.api.core.GetDriverEvaluteTest" time="0.0010"/>
  <system-out><![CDATA[this is authStringoauth_signature=5sARLGoVkNAPhh5wq1Hl95crWIk, x_auth_mode=client_auth, oauth_version=1.0, oauth_nonce=1411722730, oauth_signature_method=PLAINTEXT, oauth_consumer_key=4821726c1947cdf3eebacade98173939, oauth_token=d731cbc5c5cea82be1d9c8e2222ab33405424d926, oauth_token_secret=null, oauth_timestamp=1411721730
OAuth oauth_signature=5sARLGoVkNAPhh5wq1Hl95crWIk, x_auth_mode=client_auth, oauth_version=1.0, oauth_nonce=1411722730, oauth_signature_method=PLAINTEXT, oauth_consumer_key=4821726c1947cdf3eebacade98173939, oauth_token=d731cbc5c5cea82be1d9c8e2222ab33405424d926, oauth_token_secret=null, oauth_timestamp=1411721730
this is authStringoauth_signature=5sARLGoVkNAPhh5wq1Hl95crWIk, x_auth_mode=client_auth, oauth_version=1.0, oauth_nonce=1411722730, oauth_signature_method=PLAINTEXT, oauth_consumer_key=4821726c1947cdf3eebacade98173939, oauth_token=d731cbc5c5cea82be1d9c8e2222ab33405424d926, oauth_token_secret=null, oauth_timestamp=1411721730
GET http://driver-api.yongche.com/V1/Driver/GetDriverEvalute?imei=867496010827329&is_gzip=1&version=41
response is :{"code":200,"msg":{"good_comment_count":6,"bad_comment_count":0,"good_comment_rate":100,"good_tag":[{"tag_text":"\u51c6\u65f6\u5230\u8fbe","count":0},{"tag_text":"\u6709WIFI","count":0},{"tag_text":"\u5e2e\u60a8\u5f00\u95e8","count":0},{"tag_text":"\u4e3b\u52a8\u63d0\u884c\u674e","count":0},{"tag_text":"\u8010\u5fc3\u7b49\u60a8","count":0},{"tag_text":"\u526f\u9a7e\u5ea7\u524d\u79fb","count":0},{"tag_text":"\u63d0\u524d\u5f00\u7a7a\u8c03","count":0},{"tag_text":"\u8f66\u65b0","count":0},{"tag_text":"\u8f66\u5185\u6574\u6d01","count":0},{"tag_text":"\u9a7e\u9a76\u5e73\u7a33","count":0},{"tag_text":"\u6709\u74f6\u88c5\u6c34","count":0},{"tag_text":"\u6709\u7eb8\u5dfe","count":0},{"tag_text":"\u8f66\u8f7d\u5145\u7535","count":0},{"tag_text":"\u8212\u9002\u5b89\u9759","count":0}],"bad_tag":[{"tag_text":"\u8fdf\u5230","count":0},{"tag_text":"\u8f66\u51b5\u4e0d\u597d","count":0},{"tag_text":"\u63d0\u524d\u5f00\u59cb","count":0},{"tag_text":"\u8a00\u8c08\u4e0d\u5f53","count":0},{"tag_text":"\u8863\u7740\u4e0d\u59a5","count":0},{"tag_text":"\u6ca1\u6709\u8fce\u63a5","count":0},{"tag_text":"\u4e0d\u5e2e\u63d0\u884c\u674e","count":0},{"tag_text":"\u4e71\u8ba1\u8d39","count":0},{"tag_text":"\u5ef6\u8fdf\u7ed3\u675f","count":0},{"tag_text":"\u8be5\u6d17\u8f66\u4e86","count":0},{"tag_text":"\u5ea7\u5957\u4f4e\u52a3","count":0},{"tag_text":"\u8f66\u5185\u4e0d\u6574\u6d01","count":0},{"tag_text":"\u8f66\u5185\u6709\u5f02\u5473","count":0},{"tag_text":"\u5f00\u8f66\u6253\u7535\u8bdd","count":0},{"tag_text":"\u5371\u9669\u884c\u9a76","count":0},{"tag_text":"\u7ed5\u8def","count":0},{"tag_text":"\u6545\u610f\u6162\u884c","count":0},{"tag_text":"\u624b\u673a\u4e0d\u9759\u97f3","count":0}]}}
]]></system-out>
  <system-err><![CDATA[]]></system-err>
</testsuite>
