<?xml version="1.0" encoding="UTF-8"?>
<testsuite name="com.yongche.driver.api.core.GetCreatePasswordTest" tests="4" skipped="0" failures="0" errors="0" timestamp="2014-09-26T08:55:30" hostname="localhost" time="0.0050">
  <properties/>
  <testcase name="testResponseCodeSuccess" classname="com.yongche.driver.api.core.GetCreatePasswordTest" time="0.0"/>
  <testcase name="testPasswordNotNull" classname="com.yongche.driver.api.core.GetCreatePasswordTest" time="0.0010"/>
  <testcase name="testPhoneNONotNull" classname="com.yongche.driver.api.core.GetCreatePasswordTest" time="0.0010"/>
  <testcase name="testResponseWithSuccessCode" classname="com.yongche.driver.api.core.GetCreatePasswordTest" time="0.0010"/>
  <system-out><![CDATA[{vehicle_number=8101, area_code=+86, cellphone=18501271706, imei=867496010827329, is_gzip=1, version=41}
this is authStringoauth_signature=5sARLGoVkNAPhh5wq1Hl95crWIk, oauth_version=1.0, oauth_nonce=1411722730, oauth_signature_method=PLAINTEXT, oauth_consumer_key=4821726c1947cdf3eebacade98173939, oauth_timestamp=1411721730
GET http://driver-api.yongche.com/Driver/CreateDriverPassword?vehicle_number=8101&area_code=%2B86&cellphone=18501271706&imei=867496010827329&is_gzip=1&version=41
response is :{"code":200,"msg":{"driver_id":9162,"company_id":346,"labour_company_id":0,"name":"\u7a0b\u601d\u6d4b\u8bd5","login_name":null,"password":763458,"identity_card":"123456789123456789","drive_license":"555555455455454","cellphone":"18501271706","email":null,"gender":"F","age":35,"license_start_date":1325001600,"license_end_date":null,"img":null,"car_id":9194,"quasi_car_id":9194,"last_login_time":1411721731,"last_logout_time":null,"rate":0,"comment":null,"city":"bj","tel_code":0,"work_status":0,"work_status_tmp":null,"device_id":2978,"audit_status":20,"license_type":"A2","license_img":"","score":98,"shizhu_price_value":183,"fp_price_value":98,"contribution":0,"contribution_ext":0,"create_time":1388199512,"first_confirm_time":1388215249,"training_time":1388160000,"base_price_update_time":0,"airport_price_update_time":0,"info_source":2,"pre_audit_fault_reason":null,"permanent_address":"","phone_model":"","bank":"","bank_card":"","audit_fault_reason":null,"sign_at":1399615810,"expired_at":1492790400,"accept_count":0,"silence_end_at":0,"evaluation":1000,"has_qualified":0,"last_annual_at":0,"annual_score":0,"next_annual_start":0,"next_annual_end":0,"manager":"","base_score":0,"recent_accepted_count":0,"unittime_complete_count":0,"has_logistics":0,"selfintroduction":"","photo_id":"g1\/M00\/00\/00\/rBAArVQQhZGIevk5AAFx4Jqsr5EAAAAHgJsVacAAXH4535.png","car_setup":"","is_self_employed":0,"agent_operator_id":0,"agent_id":0,"check_score":0,"country":"CN","passport":"","area_code":"+86","selling_point":"0","surpport_face_pay":1,"is_balance_bad":0,"good_comment_count":6,"bad_comment_count":0,"good_comment_rate":100}}
]]></system-out>
  <system-err><![CDATA[]]></system-err>
</testsuite>
