<?xml version="1.0" encoding="UTF-8"?>
<testsuite name="com.yongche.driver.api.core.OrderGetListTest" tests="21" skipped="0" failures="0" errors="0" timestamp="2014-09-26T08:55:31" hostname="localhost" time="0.024">
  <properties/>
  <testcase name="testCountBiggerThanZero" classname="com.yongche.driver.api.core.OrderGetListTest" time="0.0010"/>
  <testcase name="testResponseCodeSuccess" classname="com.yongche.driver.api.core.OrderGetListTest" time="0.0"/>
  <testcase name="testResultNotNull" classname="com.yongche.driver.api.core.OrderGetListTest" time="0.0010"/>
  <testcase name="testOrder_listNotNull" classname="com.yongche.driver.api.core.OrderGetListTest" time="0.0010"/>
  <testcase name="testOrder_listBalanceNotNull" classname="com.yongche.driver.api.core.OrderGetListTest" time="0.0010"/>
  <testcase name="testOrder_listTypePriceNotNull" classname="com.yongche.driver.api.core.OrderGetListTest" time="0.0"/>
  <testcase name="testUserGenderNotNull" classname="com.yongche.driver.api.core.OrderGetListTest" time="0.0"/>
  <testcase name="testUserNameNotNull" classname="com.yongche.driver.api.core.OrderGetListTest" time="0.0010"/>
  <testcase name="testOrder_listProduct_type_idNotNull" classname="com.yongche.driver.api.core.OrderGetListTest" time="0.0010"/>
  <testcase name="testUseriIs_coporateNotNull" classname="com.yongche.driver.api.core.OrderGetListTest" time="0.0010"/>
  <testcase name="testOrder_listUserPriceNotNull" classname="com.yongche.driver.api.core.OrderGetListTest" time="0.0010"/>
  <testcase name="testOrder_listUser_idPriceNotNull" classname="com.yongche.driver.api.core.OrderGetListTest" time="0.0010"/>
  <testcase name="testCodeSuccess" classname="com.yongche.driver.api.core.OrderGetListTest" time="0.0010"/>
  <testcase name="testOrder_listFormulaPriceNotNull" classname="com.yongche.driver.api.core.OrderGetListTest" time="0.0010"/>
  <testcase name="testOrder_listSystem_distanceNotNull" classname="com.yongche.driver.api.core.OrderGetListTest" time="0.0010"/>
  <testcase name="testOrder_listExpect_start_timeNotNull" classname="com.yongche.driver.api.core.OrderGetListTest" time="0.0010"/>
  <testcase name="testOrder_listStatusNotNull" classname="com.yongche.driver.api.core.OrderGetListTest" time="0.0010"/>
  <testcase name="testOrder_listHighway_amountNotNull" classname="com.yongche.driver.api.core.OrderGetListTest" time="0.0010"/>
  <testcase name="testOrder_listAir_bridge_amountNotNull" classname="com.yongche.driver.api.core.OrderGetListTest" time="0.0010"/>
  <testcase name="testOrder_listParking_amountNotNull" classname="com.yongche.driver.api.core.OrderGetListTest" time="0.0010"/>
  <testcase name="testOrder_listOrder_idPriceNotNull" classname="com.yongche.driver.api.core.OrderGetListTest" time="0.0010"/>
  <system-out><![CDATA[this is authStringoauth_signature=5sARLGoVkNAPhh5wq1Hl95crWIk, x_auth_mode=client_auth, oauth_version=1.0, oauth_nonce=1411722731, oauth_signature_method=PLAINTEXT, oauth_consumer_key=4821726c1947cdf3eebacade98173939, oauth_token=d731cbc5c5cea82be1d9c8e2222ab33405424d926, oauth_token_secret=null, oauth_timestamp=1411721731
OAuth oauth_signature=5sARLGoVkNAPhh5wq1Hl95crWIk, x_auth_mode=client_auth, oauth_version=1.0, oauth_nonce=1411722731, oauth_signature_method=PLAINTEXT, oauth_consumer_key=4821726c1947cdf3eebacade98173939, oauth_token=d731cbc5c5cea82be1d9c8e2222ab33405424d926, oauth_token_secret=null, oauth_timestamp=1411721731
this is authStringoauth_signature=5sARLGoVkNAPhh5wq1Hl95crWIk, x_auth_mode=client_auth, oauth_version=1.0, oauth_nonce=1411722731, oauth_signature_method=PLAINTEXT, oauth_consumer_key=4821726c1947cdf3eebacade98173939, oauth_token=d731cbc5c5cea82be1d9c8e2222ab33405424d926, oauth_token_secret=null, oauth_timestamp=1411721731
GET http://driver-api.yongche.com/Order/GetList?status=unbalanced&imei=867496010827329&out_coord_type=baidu&page_num=1&from=1&is_gzip=1&version=41&mode=full
response is :{"code":200,"msg":{"count":1,"page_size":20,"order_list":[{"guest_book":"","status":"ready","balance_status":0,"city":"bj","org_status":4,"order_id":34477257,"user_id":2179589,"last_update_time":1411701842,"amount":"20.00","expect_start_time":1411701822,"media_id":"","asap":1,"flag":2,"comment":"","is_offline_mode":0,"extra_amount":"0.00","time_length":3600,"extra_time":0,"start_time":1411701822,"end_time":0,"passenger_name":"\u6d4b\u5973\u58eb","passenger_number":1,"type":"one_day","passenger_phone":"18001040255","tip_sheet":"","pass_position":{"start":["\u4e2d\u56fd\u6280\u672f\u4ea4\u6613\u5927\u53a6B\u5ea7",39.990073467727,116.3139057395],"pass":[],"end":["",0,0]},"category":"single","flight":"","is_route_changed":0,"air_bridge_amount":"0.00","highway_amount":"0.00","parking_amount":"0.00","is_long_distance":0,"supercritical":0,"addons_amount":"0.00","addons_amount_src":"","deadhead_distance":0,"is_night":0,"is_airport_service":0,"actual_time_length":0,"system_distance":0,"mileage":0,"source":10000001,"product_type_id":1,"is_display_amount":0,"head_image":"","is_collected":0,"is_yop":0,"user":{"gender":"F","name":"\u6d4b\u5973\u58eb","finish_order_count":32,"is_face_pay":0,"is_support_face_pay":1,"is_coporate":1,"is_serviced":1},"formula":"\u6700\u5c0f\u6d88\u8d39\u91d1\u989d=\u6700\u5c0f\u6d88\u8d39\u91d1\u989d\n\u5b9e\u9645\u8ba1\u8d39\u65f6\u957f=\u7cfb\u7edf\u8bb0\u5f55\u884c\u9a76\u65f6\u957f\n\u5b9e\u9645\u8d85\u51fa\u5206\u949f=max((\u7cfb\u7edf\u8bb0\u5f55\u884c\u9a76\u5206\u949f-\u514d\u8d39\u5206\u949f),0)\n\u5b9e\u9645\u8ba1\u8d39\u5206\u949f=ceil((\u5b9e\u9645\u8d85\u51fa\u5206\u949f)\/\u65f6\u957f\u7c92\u5ea6\u5206\u949f)*\u65f6\u957f\u7c92\u5ea6\u5206\u949f+\u514d\u8d39\u5206\u949f\n\u5b9e\u9645\u8ba1\u8d39\u516c\u91cc\u6570=\u7cfb\u7edf\u8bb0\u5f55\u884c\u9a76\u516c\u91cc\u6570\n\u65f6\u79df\u8d39=round(\u8d77\u6b65\u4ef7+floor((\u5b9e\u9645\u8ba1\u8d39\u5206\u949f-\u514d\u8d39\u5206\u949f)*\u5206\u949f\u5355\u4ef7))\n\u516c\u91cc\u8d39=round(\u5b9e\u9645\u8ba1\u8d39\u516c\u91cc\u6570*\u516c\u91cc\u5355\u4ef7)\n\u7a7a\u9a76\u8d39=round(max(\u7a7a\u9a76\u516c\u91cc*\u516c\u91cc\u5355\u4ef7*0.5,0))\n\u673a\u573a\u670d\u52a1\u8d39=0\n\u591c\u95f4\u670d\u52a1\u8d39=min(floor(\u591c\u95f4\u670d\u52a1\u65f6\u957f*\u591c\u95f4\u670d\u52a1\u8d39\u5355\u4ef7), 40)\n\u8ba2\u5355\u57fa\u672c\u8d39\u7528=max((\u65f6\u79df\u8d39+\u516c\u91cc\u8d39+\u7a7a\u9a76\u8d39),\u6700\u5c0f\u6d88\u8d39\u91d1\u989d)\n\u9ad8\u901f\u8d39=round(\u9ad8\u901f\u8d39)\n\u505c\u8f66\u8d39=round(\u505c\u8f66\u8d39)\n\u5176\u4ed6\u8d39\u7528=round(\u5176\u4ed6\u8d39\u7528)\n\u4f18\u60e0\u5238\u6298\u6263=((100-\u4f18\u60e0\u5238\u6298\u6263)\/100)\n\u4f1a\u5458\u6298\u6263=((100-\u4f1a\u5458\u6298\u6263)\/100)\n\u6298\u6263=min(\u4f18\u60e0\u5238\u6298\u6263,\u4f1a\u5458\u6298\u6263)\n\u8ba2\u5355\u539f\u59cb\u91d1\u989d=round(\u8ba2\u5355\u57fa\u672c\u8d39\u7528+\u591c\u95f4\u670d\u52a1\u8d39+\u9ad8\u901f\u8d39+\u505c\u8f66\u8d39+\u5176\u4ed6\u8d39\u7528)\n\u8ba2\u5355\u539f\u59cb\u91d1\u989d=max(\u8ba2\u5355\u539f\u59cb\u91d1\u989d,0)\n\u8ba2\u5355\u4f18\u60e0\u540e\u91d1\u989d=round(max(\u8ba2\u5355\u57fa\u672c\u8d39\u7528*\u6298\u6263-\u8ba2\u5355\u4f18\u60e0\u5238\u91d1\u989d-\u7b2c\u4e09\u65b9\u4f18\u60e0\u52b5\u91d1\u989d,0)+\u591c\u95f4\u670d\u52a1\u8d39+\u9ad8\u901f\u8d39+\u505c\u8f66\u8d39+\u5176\u4ed6\u8d39\u7528)\n\u8ba2\u5355\u4f18\u60e0\u91d1\u989d=round((\u8ba2\u5355\u539f\u59cb\u91d1\u989d)-(\u8ba2\u5355\u4f18\u60e0\u540e\u91d1\u989d))\n\u53d6\u6d88\u8ba2\u5355\u91d1\u989d=0\n\u7528\u6237\u672a\u4ed8\u91d1\u989d=max(round((\u8ba2\u5355\u4f18\u60e0\u540e\u91d1\u989d)-\u7528\u6237\u9884\u4ed8\u91d1\u989d),0)\n\u5e94\u4ed8\u91d1\u989d=\u8ba2\u5355\u662f\u5426\u53d6\u6d88?\u53d6\u6d88\u8ba2\u5355\u91d1\u989d:\u8ba2\u5355\u4f18\u60e0\u540e\u91d1\u989d\n","price":"\u8ba2\u5355\u53d6\u6d88\u662f\u5426\u6536\u6b3e=1\n\u8ba2\u5355\u4f18\u60e0\u5238\u91d1\u989d=0\n\u4f1a\u5458\u6298\u6263=0\n\u4f18\u60e0\u5238\u6298\u6263=0\n\u7528\u6237\u9884\u4ed8\u91d1\u989d=20.00\n\u7b2c\u4e09\u65b9\u4f18\u60e0\u52b5\u91d1\u989d=0\n\u8ba1\u8d39\u5355\u4f4d=\u5206\u949f\n\u65f6\u957f\u5355\u4ef7=40\n\u5206\u949f\u5355\u4ef7=0.6\n\u516c\u91cc\u5355\u4ef7=4\n\u65f6\u957f\u7c92\u5ea6\u5206\u949f=1\n\u6700\u5c0f\u6d88\u8d39\u91d1\u989d=20\n\u8d77\u6b65\u4ef7=20\n\u514d\u8d39\u5206\u949f=30\n\u514d\u8d39\u65f6\u957f=0.5\n\u591c\u95f4\u670d\u52a1\u8d39\u5355\u4ef7=0.5\n\u514d\u8d39\u7a7a\u9a76\u516c\u91cc\u6570=20","content":"0.6\u5143\/\u5206\u949f+4\u5143\/km"}]}}
]]></system-out>
  <system-err><![CDATA[]]></system-err>
</testsuite>
