<?xml version="1.0" encoding="UTF-8"?>
<testsuite name="com.yongche.driver.api.core.GetDriverIncomeTest" tests="6" skipped="0" failures="0" errors="0" timestamp="2014-09-26T08:55:30" hostname="localhost" time="0.0070">
  <properties/>
  <testcase name="testResponseCodeSuccess" classname="com.yongche.driver.api.core.GetDriverIncomeTest" time="0.0010"/>
  <testcase name="testComplete_ordereBiggerThanZero" classname="com.yongche.driver.api.core.GetDriverIncomeTest" time="0.0010"/>
  <testcase name="testService_timesThanZero" classname="com.yongche.driver.api.core.GetDriverIncomeTest" time="0.0"/>
  <testcase name="testIncomeNotNull" classname="com.yongche.driver.api.core.GetDriverIncomeTest" time="0.0"/>
  <testcase name="testTime_flagNotNull" classname="com.yongche.driver.api.core.GetDriverIncomeTest" time="0.0010"/>
  <testcase name="testService_kilometersBiggerThanZero" classname="com.yongche.driver.api.core.GetDriverIncomeTest" time="0.0"/>
  <system-out><![CDATA[this is authStringoauth_signature=5sARLGoVkNAPhh5wq1Hl95crWIk, x_auth_mode=client_auth, oauth_version=1.0, oauth_nonce=1411722730, oauth_signature_method=PLAINTEXT, oauth_consumer_key=4821726c1947cdf3eebacade98173939, oauth_token=d731cbc5c5cea82be1d9c8e2222ab33405424d926, oauth_token_secret=null, oauth_timestamp=1411721730
OAuth oauth_signature=5sARLGoVkNAPhh5wq1Hl95crWIk, x_auth_mode=client_auth, oauth_version=1.0, oauth_nonce=1411722730, oauth_signature_method=PLAINTEXT, oauth_consumer_key=4821726c1947cdf3eebacade98173939, oauth_token=d731cbc5c5cea82be1d9c8e2222ab33405424d926, oauth_token_secret=null, oauth_timestamp=1411721730
this is authStringoauth_signature=5sARLGoVkNAPhh5wq1Hl95crWIk, x_auth_mode=client_auth, oauth_version=1.0, oauth_nonce=1411722730, oauth_signature_method=PLAINTEXT, oauth_consumer_key=4821726c1947cdf3eebacade98173939, oauth_token=d731cbc5c5cea82be1d9c8e2222ab33405424d926, oauth_token_secret=null, oauth_timestamp=1411721730
GET http://driver-api.yongche.com/V1/Driver/GetDriverIncome?imei=867496010827329&is_gzip=1&version=41
response is :{"code":200,"msg":[{"income":"18.77","complete_order":1,"service_times":0,"service_kilometers":1,"time_flag":"2014-09"},{"income":"126.69","complete_order":2,"service_times":0,"service_kilometers":2,"time_flag":"2014-08"},{"income":"0.00","complete_order":0,"service_times":0,"service_kilometers":0,"time_flag":"2014-06"},{"income":"0.00","complete_order":0,"service_times":0,"service_kilometers":0,"time_flag":"2014-05"},{"income":"1215.00","complete_order":18,"service_times":0,"service_kilometers":75,"time_flag":"2014-04"}]}
]]></system-out>
  <system-err><![CDATA[]]></system-err>
</testsuite>
